<?xml version="1.0" encoding="utf-8"?><testsuites name="pytest tests"><testsuite name="pytest" errors="0" failures="0" skipped="0" tests="14" time="5.835" timestamp="2026-04-07T11:26:21.950975+00:00" hostname="agent-env-4b63f5eb-f186-4c17-89c5-919bd2d98b40"><testcase classname="backend.tests.test_niyyah_api.TestHealthCheck" name="test_api_root" time="0.276" /><testcase classname="backend.tests.test_niyyah_api.TestAuthEndpoints" name="test_register_new_user" time="0.361" /><testcase classname="backend.tests.test_niyyah_api.TestAuthEndpoints" name="test_register_duplicate_email" time="0.447" /><testcase classname="backend.tests.test_niyyah_api.TestAuthEndpoints" name="test_login_success" time="0.334" /><testcase classname="backend.tests.test_niyyah_api.TestAuthEndpoints" name="test_login_invalid_email" time="0.098" /><testcase classname="backend.tests.test_niyyah_api.TestAuthEndpoints" name="test_login_wrong_password" time="0.343" /><testcase classname="backend.tests.test_niyyah_api.TestPracticeStateEndpoints" name="test_save_practice_state" time="0.458" /><testcase classname="backend.tests.test_niyyah_api.TestPracticeStateEndpoints" name="test_get_practice_state" time="0.544" /><testcase classname="backend.tests.test_niyyah_api.TestPracticeStateEndpoints" name="test_practice_state_requires_auth" time="0.113" /><testcase classname="backend.tests.test_niyyah_api.TestPracticeStateEndpoints" name="test_update_practice_state" time="0.713" /><testcase classname="backend.tests.test_niyyah_api.TestHistoryEndpoints" name="test_save_history" time="0.460" /><testcase classname="backend.tests.test_niyyah_api.TestHistoryEndpoints" name="test_get_history" time="0.577" /><testcase classname="backend.tests.test_niyyah_api.TestHistoryEndpoints" name="test_history_requires_auth" time="0.096" /><testcase classname="backend.tests.test_niyyah_api.TestE2EAuthFlow" name="test_full_auth_and_sync_flow" time="0.802" /></testsuite></testsuites>