<?xml version="1.0" encoding="utf-8"?><testsuites name="pytest tests"><testsuite name="pytest" errors="0" failures="0" skipped="0" tests="14" time="5.279" timestamp="2026-04-07T11:45:26.996834+00:00" hostname="agent-env-4b63f5eb-f186-4c17-89c5-919bd2d98b40"><testcase classname="backend.tests.test_niyyah_api.TestHealthCheck" name="test_api_root" time="0.121" /><testcase classname="backend.tests.test_niyyah_api.TestAuthEndpoints" name="test_register_new_user" time="0.337" /><testcase classname="backend.tests.test_niyyah_api.TestAuthEndpoints" name="test_register_duplicate_email" time="0.440" /><testcase classname="backend.tests.test_niyyah_api.TestAuthEndpoints" name="test_login_success" time="0.329" /><testcase classname="backend.tests.test_niyyah_api.TestAuthEndpoints" name="test_login_invalid_email" time="0.110" /><testcase classname="backend.tests.test_niyyah_api.TestAuthEndpoints" name="test_login_wrong_password" time="0.330" /><testcase classname="backend.tests.test_niyyah_api.TestPracticeStateEndpoints" name="test_save_practice_state" time="0.426" /><testcase classname="backend.tests.test_niyyah_api.TestPracticeStateEndpoints" name="test_get_practice_state" time="0.522" /><testcase classname="backend.tests.test_niyyah_api.TestPracticeStateEndpoints" name="test_practice_state_requires_auth" time="0.099" /><testcase classname="backend.tests.test_niyyah_api.TestPracticeStateEndpoints" name="test_update_practice_state" time="0.639" /><testcase classname="backend.tests.test_niyyah_api.TestHistoryEndpoints" name="test_save_history" time="0.452" /><testcase classname="backend.tests.test_niyyah_api.TestHistoryEndpoints" name="test_get_history" time="0.514" /><testcase classname="backend.tests.test_niyyah_api.TestHistoryEndpoints" name="test_history_requires_auth" time="0.092" /><testcase classname="backend.tests.test_niyyah_api.TestE2EAuthFlow" name="test_full_auth_and_sync_flow" time="0.800" /></testsuite></testsuites>